{
  "RSpec": {
    "coverage": {
      "/Users/apple/RubymineProjects/taco_shop_extended/app/controllers/application_controller.rb": [
        0,
        0,
        0,
        0,
        0,
        0,
        0
      ],
      "/Users/apple/RubymineProjects/taco_shop_extended/app/controllers/tacos_controller.rb": [
        0,
        0,
        0,
        0,
        0,
        0,
        0,
        0,
        0,
        0,
        0,
        0,
        0,
        0,
        0,
        0,
        0,
        0,
        0,
        0,
        0,
        0,
        0,
        0,
        0,
        0,
        0,
        0,
        0,
        0,
        0,
        0,
        0,
        0,
        0,
        0,
        0,
        0,
        0,
        0,
        0,
        0,
        0,
        0,
        0,
        0,
        0,
        0,
        0,
        0,
        0,
        0,
        0,
        0,
        0,
        0,
        0,
        0,
        0,
        0,
        0,
        0,
        0,
        0,
        0,
        0,
        0,
        0,
        0,
        0,
        0,
        0,
        0,
        0,
        0,
        0,
        0,
        0,
        0,
        0,
        0
      ],
      "/Users/apple/RubymineProjects/taco_shop_extended/app/helpers/application_helper.rb": [
        0,
        0
      ],
      "/Users/apple/RubymineProjects/taco_shop_extended/app/helpers/tacos_helper.rb": [
        0,
        0
      ],
      "/Users/apple/RubymineProjects/taco_shop_extended/app/models/meat.rb": [
        0,
        0
      ],
      "/Users/apple/RubymineProjects/taco_shop_extended/app/models/side.rb": [
        0,
        0,
        0,
        0
      ],
      "/Users/apple/RubymineProjects/taco_shop_extended/app/models/taco.rb": [
        0,
        0,
        0,
        0,
        0,
        0,
        0,
        0,
        0,
        0,
        0,
        0,
        0,
        0,
        0,
        0,
        0,
        0,
        0,
        0
      ],
      "/Users/apple/RubymineProjects/taco_shop_extended/app/models/taco_to_side.rb": [
        0,
        0,
        0,
        0
      ]
    },
    "timestamp": 1473110465
  }
}
